2025-02-27 22:24:43 - c.s.S.SpringPayrollAppApplication - Starting SpringPayrollAppApplication using Java 23.0.2 with PID 25932 (C:\Users\hp\OneDrive\Documents\OneDrive\Desktop\Multilayer development\SpringPayrollApp\target\classes started by hp in C:\Users\hp\OneDrive\Documents\OneDrive\Desktop\Multilayer development\SpringPayrollApp)
2025-02-27 22:24:43 - c.s.S.SpringPayrollAppApplication - The following 1 profile is active: "dev"
2025-02-27 22:24:43 - o.s.b.d.e.DevToolsPropertyDefaultsPostProcessor - Devtools property defaults active! Set 'spring.devtools.add-properties' to 'false' to disable
2025-02-27 22:24:43 - o.s.b.d.e.DevToolsPropertyDefaultsPostProcessor - For additional web related logging consider setting the 'logging.level.web' property to 'DEBUG'
2025-02-27 22:24:45 - o.s.d.r.c.RepositoryConfigurationDelegate - Bootstrapping Spring Data JPA repositories in DEFAULT mode.
2025-02-27 22:24:45 - o.s.d.r.c.RepositoryConfigurationDelegate - Finished Spring Data repository scanning in 84 ms. Found 1 JPA repository interface.
2025-02-27 22:24:46 - o.s.b.w.e.tomcat.TomcatWebServer - Tomcat initialized with port 8080 (http)
2025-02-27 22:24:46 - o.a.catalina.core.StandardService - Starting service [Tomcat]
2025-02-27 22:24:46 - o.a.catalina.core.StandardEngine - Starting Servlet engine: [Apache Tomcat/10.1.36]
2025-02-27 22:24:46 - o.a.c.c.C.[Tomcat].[localhost].[/] - Initializing Spring embedded WebApplicationContext
2025-02-27 22:24:46 - o.s.b.w.s.c.ServletWebServerApplicationContext - Root WebApplicationContext: initialization completed in 2402 ms
2025-02-27 22:24:46 - o.h.jpa.internal.util.LogHelper - HHH000204: Processing PersistenceUnitInfo [name: default]
2025-02-27 22:24:46 - org.hibernate.Version - HHH000412: Hibernate ORM core version 6.6.8.Final
2025-02-27 22:24:46 - o.h.c.i.RegionFactoryInitiator - HHH000026: Second-level cache disabled
2025-02-27 22:24:47 - o.s.o.j.p.SpringPersistenceUnitInfo - No LoadTimeWeaver setup: ignoring JPA class transformer
2025-02-27 22:24:47 - com.zaxxer.hikari.HikariDataSource - HikariPool-1 - Starting...
2025-02-27 22:24:47 - com.zaxxer.hikari.pool.HikariPool - HikariPool-1 - Added connection com.mysql.cj.jdbc.ConnectionImpl@30b74d8d
2025-02-27 22:24:47 - com.zaxxer.hikari.HikariDataSource - HikariPool-1 - Start completed.
2025-02-27 22:24:48 - org.hibernate.orm.deprecation - HHH90000025: MySQL8Dialect does not need to be specified explicitly using 'hibernate.dialect' (remove the property setting and it will be selected by default)
2025-02-27 22:24:48 - org.hibernate.orm.deprecation - HHH90000026: MySQL8Dialect has been deprecated; use org.hibernate.dialect.MySQLDialect instead
2025-02-27 22:24:48 - o.hibernate.orm.connections.pooling - HHH10001005: Database info:
	Database JDBC URL [Connecting through datasource 'HikariDataSource (HikariPool-1)']
	Database driver: undefined/unknown
	Database version: 8.0
	Autocommit mode: undefined/unknown
	Isolation level: undefined/unknown
	Minimum pool size: undefined/unknown
	Maximum pool size: undefined/unknown
2025-02-27 22:24:49 - o.h.e.t.j.p.i.JtaPlatformInitiator - HHH000489: No JTA platform available (set 'hibernate.transaction.jta.platform' to enable JTA platform integration)
2025-02-27 22:24:49 - o.s.o.j.LocalContainerEntityManagerFactoryBean - Initialized JPA EntityManagerFactory for persistence unit 'default'
2025-02-27 22:24:49 - o.s.b.a.o.j.JpaBaseConfiguration$JpaWebConfiguration - spring.jpa.open-in-view is enabled by default. Therefore, database queries may be performed during view rendering. Explicitly configure spring.jpa.open-in-view to disable this warning
2025-02-27 22:24:50 - o.s.b.d.a.OptionalLiveReloadServer - LiveReload server is running on port 35729
2025-02-27 22:24:50 - o.s.b.w.e.tomcat.TomcatWebServer - Tomcat started on port 8080 (http) with context path '/'
2025-02-27 22:24:50 - c.s.S.SpringPayrollAppApplication - Started SpringPayrollAppApplication in 7.349 seconds (process running for 8.92)
2025-02-27 22:25:09 - o.s.b.w.e.tomcat.GracefulShutdown - Commencing graceful shutdown. Waiting for active requests to complete
2025-02-27 22:25:09 - o.s.b.w.e.tomcat.GracefulShutdown - Graceful shutdown complete
2025-02-27 22:25:09 - o.s.o.j.LocalContainerEntityManagerFactoryBean - Closing JPA EntityManagerFactory for persistence unit 'default'
2025-02-27 22:25:09 - com.zaxxer.hikari.HikariDataSource - HikariPool-1 - Shutdown initiated...
2025-02-27 22:25:09 - com.zaxxer.hikari.HikariDataSource - HikariPool-1 - Shutdown completed.
